<?xml version="1.0" encoding="UTF-8"?>
<!-- Generated by org.testng.reporters.JUnitReportReporter -->
<testsuite hostname="DESKTOP-I56V4VP" failures="0" tests="1" name="db.DatabaseTesting.Jdbcconnection" time="11.940" errors="0" timestamp="2021-07-17T19:17:52 MDT" skipped="0">
  <testcase classname="db.DatabaseTesting.Jdbcconnection" name="connection" time="11.940"/>
  <system-out/>
</testsuite> <!-- db.DatabaseTesting.Jdbcconnection -->
